<?xml version="1.0" encoding="UTF-8"?>
<!-- Generated by org.testng.reporters.JUnitReportReporter -->
<testsuite hostname="Mohammeds-Laptop.local" failures="0" tests="1" name="residentPageTest.ResidentPageTest" time="6.728" errors="0" timestamp="2023-11-07T03:39:11 EST" skipped="0">
  <testcase classname="residentPageTest.ResidentPageTest" name="clickResidentPageTest" time="6.728"/>
</testsuite> <!-- residentPageTest.ResidentPageTest -->
